[debug] [2022-03-27T21:20:33.994Z] ----------------------------------------------------------------------
[debug] [2022-03-27T21:20:33.996Z] Command:       C:\Program Files\nodejs\node.exe C:\Users\nazar\AppData\Roaming\npm\node_modules\firebase-tools\lib\bin\firebase.js emulators:start --only functions
[debug] [2022-03-27T21:20:33.996Z] CLI Version:   10.2.1
[debug] [2022-03-27T21:20:33.997Z] Platform:      win32
[debug] [2022-03-27T21:20:33.997Z] Node Version:  v16.13.1
[debug] [2022-03-27T21:20:33.997Z] Time:          Mon Mar 28 2022 00:20:33 GMT+0300 (Восточная Европа, летнее время)
[debug] [2022-03-27T21:20:33.998Z] ----------------------------------------------------------------------
[debug] 
[debug] [2022-03-27T21:20:34.068Z] > command requires scopes: ["email","openid","https://www.googleapis.com/auth/cloudplatformprojects.readonly","https://www.googleapis.com/auth/firebase","https://www.googleapis.com/auth/cloud-platform"]
[debug] [2022-03-27T21:20:34.068Z] > authorizing via signed-in user (nazardemchan@gmail.com)
[info] i  emulators: Starting emulators: functions {"metadata":{"emulator":{"name":"hub"},"message":"Starting emulators: functions"}}
[debug] [2022-03-27T21:20:34.098Z] [hub] writing locator at C:\Users\nazar\AppData\Local\Temp\hub-matoa-diplom.json
[warn] !  functions: The following emulators are not running, calls to these services from the Functions emulator will affect production: auth, firestore, database, hosting, pubsub, storage {"metadata":{"emulator":{"name":"functions"},"message":"The following emulators are not running, calls to these services from the Functions emulator will affect production: \u001b[1mauth, firestore, database, hosting, pubsub, storage\u001b[22m"}}
[info] +  functions: Using node@16 from host. {"metadata":{"emulator":{"name":"functions"},"message":"Using node@16 from host."}}
[debug] [2022-03-27T21:20:34.115Z] defaultcredentials: writing to file C:\Users\nazar\AppData\Roaming\firebase\nazardemchan_gmail_com_application_default_credentials.json
[debug] [2022-03-27T21:20:34.116Z] Setting GAC to C:\Users\nazar\AppData\Roaming\firebase\nazardemchan_gmail_com_application_default_credentials.json {"metadata":{"emulator":{"name":"functions"},"message":"Setting GAC to C:\\Users\\nazar\\AppData\\Roaming\\firebase\\nazardemchan_gmail_com_application_default_credentials.json"}}
[debug] [2022-03-27T21:20:34.118Z] >>> [apiv2][query] GET https://firebase.googleapis.com/v1beta1/projects/matoa-diplom/adminSdkConfig [none]
[debug] [2022-03-27T21:20:34.444Z] <<< [apiv2][status] GET https://firebase.googleapis.com/v1beta1/projects/matoa-diplom/adminSdkConfig 200
[debug] [2022-03-27T21:20:34.444Z] <<< [apiv2][body] GET https://firebase.googleapis.com/v1beta1/projects/matoa-diplom/adminSdkConfig {"projectId":"matoa-diplom","storageBucket":"matoa-diplom.appspot.com","locationId":"europe-west"}
[debug] [2022-03-27T21:20:34.458Z] Ignoring unsupported arg: auto_download {"metadata":{"emulator":{"name":"ui"},"message":"Ignoring unsupported arg: auto_download"}}
[debug] [2022-03-27T21:20:34.458Z] Ignoring unsupported arg: port {"metadata":{"emulator":{"name":"ui"},"message":"Ignoring unsupported arg: port"}}
[debug] [2022-03-27T21:20:34.458Z] Starting Emulator UI with command {"binary":"node","args":["C:\\Users\\nazar\\.cache\\firebase\\emulators\\ui-v1.6.5\\server.bundle.js"],"optionalArgs":[],"joinArgs":false} {"metadata":{"emulator":{"name":"ui"},"message":"Starting Emulator UI with command {\"binary\":\"node\",\"args\":[\"C:\\\\Users\\\\nazar\\\\.cache\\\\firebase\\\\emulators\\\\ui-v1.6.5\\\\server.bundle.js\"],\"optionalArgs\":[],\"joinArgs\":false}"}}
[info] i  ui: Emulator UI logging to ui-debug.log {"metadata":{"emulator":{"name":"ui"},"message":"Emulator UI logging to \u001b[1mui-debug.log\u001b[22m"}}
[debug] [2022-03-27T21:20:34.580Z] Web / API server started at localhost:4000
 {"metadata":{"emulator":{"name":"ui"},"message":"Web / API server started at localhost:4000\n"}}
[info] i  functions: Watching "C:\Users\nazar\Desktop\diplom-react\functions" for Cloud Functions... {"metadata":{"emulator":{"name":"functions"},"message":"Watching \"C:\\Users\\nazar\\Desktop\\diplom-react\\functions\" for Cloud Functions..."}}
[debug] [2022-03-27T21:20:34.735Z] Validating nodejs source
[debug] [2022-03-27T21:20:37.423Z] > [functions] package.json contents: {
  "name": "functions",
  "description": "Cloud Functions for Firebase",
  "scripts": {
    "lint": "eslint .",
    "serve": "firebase emulators:start --only functions",
    "shell": "firebase functions:shell",
    "start": "npm run shell",
    "deploy": "firebase deploy --only functions",
    "logs": "firebase functions:log"
  },
  "engines": {
    "node": "16"
  },
  "main": "index.js",
  "dependencies": {
    "cors": "^2.8.5",
    "express": "^4.17.3",
    "firebase-admin": "^9.8.0",
    "firebase-functions": "^3.19.0",
    "stripe": "^8.204.0"
  },
  "devDependencies": {
    "eslint": "^7.6.0",
    "eslint-config-google": "^0.14.0",
    "firebase-functions-test": "^0.2.0"
  },
  "private": true
}
[debug] [2022-03-27T21:20:37.423Z] Building nodejs source
[debug] [2022-03-27T21:20:37.423Z] Analyzing nodejs backend spec
[info] +  functions[us-central1-api]: http function initialized (http://localhost:5001/matoa-diplom/us-central1/api). {"metadata":{"emulator":{"name":"functions"},"message":"\u001b[1mhttp\u001b[22m function initialized (http://localhost:5001/matoa-diplom/us-central1/api)."}}
[info] 
┌─────────────────────────────────────────────────────────────┐
│ ✔  All emulators ready! It is now safe to connect your app. │
│ i  View Emulator UI at http://localhost:4000                │
└─────────────────────────────────────────────────────────────┘

┌───────────┬────────────────┬─────────────────────────────────┐
│ Emulator  │ Host:Port      │ View in Emulator UI             │
├───────────┼────────────────┼─────────────────────────────────┤
│ Functions │ localhost:5001 │ http://localhost:4000/functions │
└───────────┴────────────────┴─────────────────────────────────┘
  Emulator Hub running at localhost:4400
  Other reserved ports: 4500

Issues? Report them at https://github.com/firebase/firebase-tools/issues and attach the *-debug.log files.
 
[debug] [2022-03-27T21:21:23.068Z] [work-queue] {"queueLength":1,"workRunningCount":0}
[debug] [2022-03-27T21:21:23.068Z] [work-queue] {"queueLength":0,"workRunningCount":1}
[debug] [2022-03-27T21:21:23.068Z] Accepted request OPTIONS /matoa-diplom/us-central1/api/payments/create --> us-central1-api
[debug] [2022-03-27T21:21:23.075Z] [worker-pool] addWorker(us-central1-api) {"metadata":{"emulator":{"name":"functions"},"message":"[worker-pool] addWorker(us-central1-api)"}}
[debug] [2022-03-27T21:21:23.076Z] [worker-pool] Adding worker with key us-central1-api, total=1 {"metadata":{"emulator":{"name":"functions"},"message":"[worker-pool] Adding worker with key us-central1-api, total=1"}}
[debug] [2022-03-27T21:21:23.076Z] [worker-pool] submitWork(triggerId=us-central1-api) {"metadata":{"emulator":{"name":"functions"},"message":"[worker-pool] submitWork(triggerId=us-central1-api)"}}
[debug] [2022-03-27T21:21:23.076Z] [worker-us-central1-api-535b4143-cc66-4af1-abea-224226b91ea3]: Assigning socketPath: \\?\pipe\C:\Users\nazar\Desktop\diplom-react\functions\6324 {"metadata":{"emulator":{"name":"functions"},"message":"[worker-us-central1-api-535b4143-cc66-4af1-abea-224226b91ea3]: Assigning socketPath: \\\\?\\pipe\\C:\\Users\\nazar\\Desktop\\diplom-react\\functions\\6324"}}
[debug] [2022-03-27T21:21:23.077Z] [worker-us-central1-api-535b4143-cc66-4af1-abea-224226b91ea3]: BUSY {"metadata":{"emulator":{"name":"functions"},"message":"[worker-us-central1-api-535b4143-cc66-4af1-abea-224226b91ea3]: BUSY"}}
[debug] [2022-03-27T21:21:24.205Z] [runtime-status] [6324] Functions runtime initialized. {"cwd":"C:\\Users\\nazar\\Desktop\\diplom-react\\functions","node_version":"16.13.1"} {"metadata":{"emulator":{"name":"functions"},"function":{"name":"us-central1-api"},"message":"[runtime-status] [6324] Functions runtime initialized. {\"cwd\":\"C:\\\\Users\\\\nazar\\\\Desktop\\\\diplom-react\\\\functions\",\"node_version\":\"16.13.1\"}"}}
[debug] [2022-03-27T21:21:24.206Z] [runtime-status] [6324] Disabled runtime features: undefined {"metadata":{"emulator":{"name":"functions"},"function":{"name":"us-central1-api"},"message":"[runtime-status] [6324] Disabled runtime features: undefined"}}
[debug] [2022-03-27T21:21:24.209Z] [runtime-status] [6324] Resolved module firebase-admin {"declared":true,"installed":true,"version":"9.12.0","resolution":"C:\\Users\\nazar\\Desktop\\diplom-react\\functions\\node_modules\\firebase-admin\\lib\\index.js"} {"metadata":{"emulator":{"name":"functions"},"function":{"name":"us-central1-api"},"message":"[runtime-status] [6324] Resolved module firebase-admin {\"declared\":true,\"installed\":true,\"version\":\"9.12.0\",\"resolution\":\"C:\\\\Users\\\\nazar\\\\Desktop\\\\diplom-react\\\\functions\\\\node_modules\\\\firebase-admin\\\\lib\\\\index.js\"}"}}
[debug] [2022-03-27T21:21:24.210Z] [runtime-status] [6324] Resolved module firebase-functions {"declared":true,"installed":true,"version":"3.19.0","resolution":"C:\\Users\\nazar\\Desktop\\diplom-react\\functions\\node_modules\\firebase-functions\\lib\\index.js"} {"metadata":{"emulator":{"name":"functions"},"function":{"name":"us-central1-api"},"message":"[runtime-status] [6324] Resolved module firebase-functions {\"declared\":true,\"installed\":true,\"version\":\"3.19.0\",\"resolution\":\"C:\\\\Users\\\\nazar\\\\Desktop\\\\diplom-react\\\\functions\\\\node_modules\\\\firebase-functions\\\\lib\\\\index.js\"}"}}
[debug] [2022-03-27T21:21:24.211Z] [runtime-status] [6324] Outgoing network have been stubbed. [{"name":"http","status":"mocked"},{"name":"http","status":"mocked"},{"name":"https","status":"mocked"},{"name":"https","status":"mocked"},{"name":"net","status":"mocked"}] {"metadata":{"emulator":{"name":"functions"},"function":{"name":"us-central1-api"},"message":"[runtime-status] [6324] Outgoing network have been stubbed. [{\"name\":\"http\",\"status\":\"mocked\"},{\"name\":\"http\",\"status\":\"mocked\"},{\"name\":\"https\",\"status\":\"mocked\"},{\"name\":\"https\",\"status\":\"mocked\"},{\"name\":\"net\",\"status\":\"mocked\"}]"}}
[debug] [2022-03-27T21:21:24.211Z] [runtime-status] [6324] Resolved module firebase-functions {"declared":true,"installed":true,"version":"3.19.0","resolution":"C:\\Users\\nazar\\Desktop\\diplom-react\\functions\\node_modules\\firebase-functions\\lib\\index.js"} {"metadata":{"emulator":{"name":"functions"},"function":{"name":"us-central1-api"},"message":"[runtime-status] [6324] Resolved module firebase-functions {\"declared\":true,\"installed\":true,\"version\":\"3.19.0\",\"resolution\":\"C:\\\\Users\\\\nazar\\\\Desktop\\\\diplom-react\\\\functions\\\\node_modules\\\\firebase-functions\\\\lib\\\\index.js\"}"}}
[debug] [2022-03-27T21:21:24.256Z] [runtime-status] [6324] Checked functions.config() {"config":{}} {"metadata":{"emulator":{"name":"functions"},"function":{"name":"us-central1-api"},"message":"[runtime-status] [6324] Checked functions.config() {\"config\":{}}"}}
[debug] [2022-03-27T21:21:24.256Z] [runtime-status] [6324] firebase-functions has been stubbed. {"functionsResolution":{"declared":true,"installed":true,"version":"3.19.0","resolution":"C:\\Users\\nazar\\Desktop\\diplom-react\\functions\\node_modules\\firebase-functions\\lib\\index.js"}} {"metadata":{"emulator":{"name":"functions"},"function":{"name":"us-central1-api"},"message":"[runtime-status] [6324] firebase-functions has been stubbed. {\"functionsResolution\":{\"declared\":true,\"installed\":true,\"version\":\"3.19.0\",\"resolution\":\"C:\\\\Users\\\\nazar\\\\Desktop\\\\diplom-react\\\\functions\\\\node_modules\\\\firebase-functions\\\\lib\\\\index.js\"}}"}}
[debug] [2022-03-27T21:21:24.257Z] [runtime-status] [6324] Resolved module firebase-functions {"declared":true,"installed":true,"version":"3.19.0","resolution":"C:\\Users\\nazar\\Desktop\\diplom-react\\functions\\node_modules\\firebase-functions\\lib\\index.js"} {"metadata":{"emulator":{"name":"functions"},"function":{"name":"us-central1-api"},"message":"[runtime-status] [6324] Resolved module firebase-functions {\"declared\":true,\"installed\":true,\"version\":\"3.19.0\",\"resolution\":\"C:\\\\Users\\\\nazar\\\\Desktop\\\\diplom-react\\\\functions\\\\node_modules\\\\firebase-functions\\\\lib\\\\index.js\"}"}}
[debug] [2022-03-27T21:21:24.258Z] [runtime-status] [6324] Resolved module firebase-admin {"declared":true,"installed":true,"version":"9.12.0","resolution":"C:\\Users\\nazar\\Desktop\\diplom-react\\functions\\node_modules\\firebase-admin\\lib\\index.js"} {"metadata":{"emulator":{"name":"functions"},"function":{"name":"us-central1-api"},"message":"[runtime-status] [6324] Resolved module firebase-admin {\"declared\":true,\"installed\":true,\"version\":\"9.12.0\",\"resolution\":\"C:\\\\Users\\\\nazar\\\\Desktop\\\\diplom-react\\\\functions\\\\node_modules\\\\firebase-admin\\\\lib\\\\index.js\"}"}}
[debug] [2022-03-27T21:21:24.259Z] [runtime-status] [6324] Resolved module firebase-functions {"declared":true,"installed":true,"version":"3.19.0","resolution":"C:\\Users\\nazar\\Desktop\\diplom-react\\functions\\node_modules\\firebase-functions\\lib\\index.js"} {"metadata":{"emulator":{"name":"functions"},"function":{"name":"us-central1-api"},"message":"[runtime-status] [6324] Resolved module firebase-functions {\"declared\":true,\"installed\":true,\"version\":\"3.19.0\",\"resolution\":\"C:\\\\Users\\\\nazar\\\\Desktop\\\\diplom-react\\\\functions\\\\node_modules\\\\firebase-functions\\\\lib\\\\index.js\"}"}}
[debug] [2022-03-27T21:21:24.259Z] [runtime-status] [6324] firebase-admin has been stubbed. {"adminResolution":{"declared":true,"installed":true,"version":"9.12.0","resolution":"C:\\Users\\nazar\\Desktop\\diplom-react\\functions\\node_modules\\firebase-admin\\lib\\index.js"}} {"metadata":{"emulator":{"name":"functions"},"function":{"name":"us-central1-api"},"message":"[runtime-status] [6324] firebase-admin has been stubbed. {\"adminResolution\":{\"declared\":true,\"installed\":true,\"version\":\"9.12.0\",\"resolution\":\"C:\\\\Users\\\\nazar\\\\Desktop\\\\diplom-react\\\\functions\\\\node_modules\\\\firebase-admin\\\\lib\\\\index.js\"}}"}}
[debug] [2022-03-27T21:21:24.416Z] [runtime-status] [6324] Beginning invocation function api! {"metadata":{"emulator":{"name":"functions"},"function":{"name":"us-central1-api"},"message":"[runtime-status] [6324] Beginning invocation function api!"}}
[info] i  functions: Beginning execution of "api" {"metadata":{"emulator":{"name":"functions"},"function":{"name":"us-central1-api"},"message":"Beginning execution of \"api\""}}
[debug] [2022-03-27T21:21:24.417Z] [runtime-status] [6324] Running api in signature http {"metadata":{"emulator":{"name":"functions"},"function":{"name":"us-central1-api"},"message":"[runtime-status] [6324] Running api in signature http"}}
[debug] [2022-03-27T21:21:24.420Z] [runtime-status] [6324] Attempting to listen to socketPath: \\?\pipe\C:\Users\nazar\Desktop\diplom-react\functions\6324 {"metadata":{"emulator":{"name":"functions"},"function":{"name":"us-central1-api"},"message":"[runtime-status] [6324] Attempting to listen to socketPath: \\\\?\\pipe\\C:\\Users\\nazar\\Desktop\\diplom-react\\functions\\6324"}}
[debug] [2022-03-27T21:21:24.425Z] [functions] Runtime ready! Sending request! {"metadata":{"emulator":{"name":"functions"},"message":"[functions] Runtime ready! Sending request!"}}
[debug] [2022-03-27T21:21:24.425Z] [functions] Got req.url=/matoa-diplom/us-central1/api/payments/create, mapping to path=/payments/create {"metadata":{"emulator":{"name":"functions"},"message":"[functions] Got req.url=/matoa-diplom/us-central1/api/payments/create, mapping to path=/payments/create"}}
[debug] [2022-03-27T21:21:24.431Z] [runtime-status] [6324] Ephemeral server handling OPTIONS request {"metadata":{"emulator":{"name":"functions"},"function":{"name":"us-central1-api"},"message":"[runtime-status] [6324] Ephemeral server handling OPTIONS request"}}
[debug] [2022-03-27T21:21:24.436Z] [runtime-status] [6324] Ephemeral server survived. {"metadata":{"emulator":{"name":"functions"},"function":{"name":"us-central1-api"},"message":"[runtime-status] [6324] Ephemeral server survived."}}
[debug] [2022-03-27T21:21:24.439Z] [work-queue] {"queueLength":1,"workRunningCount":1}
[debug] [2022-03-27T21:21:24.440Z] [work-queue] {"queueLength":0,"workRunningCount":2}
[debug] [2022-03-27T21:21:24.440Z] Accepted request POST /matoa-diplom/us-central1/api/payments/create --> us-central1-api
[debug] [2022-03-27T21:21:24.445Z] [worker-pool] addWorker(us-central1-api) {"metadata":{"emulator":{"name":"functions"},"message":"[worker-pool] addWorker(us-central1-api)"}}
[debug] [2022-03-27T21:21:24.445Z] [worker-pool] Adding worker with key us-central1-api, total=2 {"metadata":{"emulator":{"name":"functions"},"message":"[worker-pool] Adding worker with key us-central1-api, total=2"}}
[debug] [2022-03-27T21:21:24.446Z] [worker-pool] submitWork(triggerId=us-central1-api) {"metadata":{"emulator":{"name":"functions"},"message":"[worker-pool] submitWork(triggerId=us-central1-api)"}}
[debug] [2022-03-27T21:21:24.446Z] [worker-us-central1-api-03a2e32b-c565-4b53-9f6c-7df244702a5e]: Assigning socketPath: \\?\pipe\C:\Users\nazar\Desktop\diplom-react\functions\6036 {"metadata":{"emulator":{"name":"functions"},"message":"[worker-us-central1-api-03a2e32b-c565-4b53-9f6c-7df244702a5e]: Assigning socketPath: \\\\?\\pipe\\C:\\Users\\nazar\\Desktop\\diplom-react\\functions\\6036"}}
[debug] [2022-03-27T21:21:24.446Z] [worker-us-central1-api-03a2e32b-c565-4b53-9f6c-7df244702a5e]: BUSY {"metadata":{"emulator":{"name":"functions"},"message":"[worker-us-central1-api-03a2e32b-c565-4b53-9f6c-7df244702a5e]: BUSY"}}
[info] i  functions: Finished "api" in ~1s {"metadata":{"emulator":{"name":"functions"},"function":{"name":"us-central1-api"},"message":"Finished \"api\" in ~1s"}}
[debug] [2022-03-27T21:21:24.448Z] [worker-us-central1-api-535b4143-cc66-4af1-abea-224226b91ea3]: IDLE {"metadata":{"emulator":{"name":"functions"},"message":"[worker-us-central1-api-535b4143-cc66-4af1-abea-224226b91ea3]: IDLE"}}
[debug] [2022-03-27T21:21:24.448Z] [work-queue] {"queueLength":0,"workRunningCount":1}
[debug] [2022-03-27T21:21:25.591Z] [runtime-status] [6036] Functions runtime initialized. {"cwd":"C:\\Users\\nazar\\Desktop\\diplom-react\\functions","node_version":"16.13.1"} {"metadata":{"emulator":{"name":"functions"},"function":{"name":"us-central1-api"},"message":"[runtime-status] [6036] Functions runtime initialized. {\"cwd\":\"C:\\\\Users\\\\nazar\\\\Desktop\\\\diplom-react\\\\functions\",\"node_version\":\"16.13.1\"}"}}
[debug] [2022-03-27T21:21:25.592Z] [runtime-status] [6036] Disabled runtime features: undefined {"metadata":{"emulator":{"name":"functions"},"function":{"name":"us-central1-api"},"message":"[runtime-status] [6036] Disabled runtime features: undefined"}}
[debug] [2022-03-27T21:21:25.595Z] [runtime-status] [6036] Resolved module firebase-admin {"declared":true,"installed":true,"version":"9.12.0","resolution":"C:\\Users\\nazar\\Desktop\\diplom-react\\functions\\node_modules\\firebase-admin\\lib\\index.js"} {"metadata":{"emulator":{"name":"functions"},"function":{"name":"us-central1-api"},"message":"[runtime-status] [6036] Resolved module firebase-admin {\"declared\":true,\"installed\":true,\"version\":\"9.12.0\",\"resolution\":\"C:\\\\Users\\\\nazar\\\\Desktop\\\\diplom-react\\\\functions\\\\node_modules\\\\firebase-admin\\\\lib\\\\index.js\"}"}}
[debug] [2022-03-27T21:21:25.596Z] [runtime-status] [6036] Resolved module firebase-functions {"declared":true,"installed":true,"version":"3.19.0","resolution":"C:\\Users\\nazar\\Desktop\\diplom-react\\functions\\node_modules\\firebase-functions\\lib\\index.js"} {"metadata":{"emulator":{"name":"functions"},"function":{"name":"us-central1-api"},"message":"[runtime-status] [6036] Resolved module firebase-functions {\"declared\":true,\"installed\":true,\"version\":\"3.19.0\",\"resolution\":\"C:\\\\Users\\\\nazar\\\\Desktop\\\\diplom-react\\\\functions\\\\node_modules\\\\firebase-functions\\\\lib\\\\index.js\"}"}}
[debug] [2022-03-27T21:21:25.597Z] [runtime-status] [6036] Outgoing network have been stubbed. [{"name":"http","status":"mocked"},{"name":"http","status":"mocked"},{"name":"https","status":"mocked"},{"name":"https","status":"mocked"},{"name":"net","status":"mocked"}] {"metadata":{"emulator":{"name":"functions"},"function":{"name":"us-central1-api"},"message":"[runtime-status] [6036] Outgoing network have been stubbed. [{\"name\":\"http\",\"status\":\"mocked\"},{\"name\":\"http\",\"status\":\"mocked\"},{\"name\":\"https\",\"status\":\"mocked\"},{\"name\":\"https\",\"status\":\"mocked\"},{\"name\":\"net\",\"status\":\"mocked\"}]"}}
[debug] [2022-03-27T21:21:25.598Z] [runtime-status] [6036] Resolved module firebase-functions {"declared":true,"installed":true,"version":"3.19.0","resolution":"C:\\Users\\nazar\\Desktop\\diplom-react\\functions\\node_modules\\firebase-functions\\lib\\index.js"} {"metadata":{"emulator":{"name":"functions"},"function":{"name":"us-central1-api"},"message":"[runtime-status] [6036] Resolved module firebase-functions {\"declared\":true,\"installed\":true,\"version\":\"3.19.0\",\"resolution\":\"C:\\\\Users\\\\nazar\\\\Desktop\\\\diplom-react\\\\functions\\\\node_modules\\\\firebase-functions\\\\lib\\\\index.js\"}"}}
[debug] [2022-03-27T21:21:25.643Z] [runtime-status] [6036] Checked functions.config() {"config":{}} {"metadata":{"emulator":{"name":"functions"},"function":{"name":"us-central1-api"},"message":"[runtime-status] [6036] Checked functions.config() {\"config\":{}}"}}
[debug] [2022-03-27T21:21:25.643Z] [runtime-status] [6036] firebase-functions has been stubbed. {"functionsResolution":{"declared":true,"installed":true,"version":"3.19.0","resolution":"C:\\Users\\nazar\\Desktop\\diplom-react\\functions\\node_modules\\firebase-functions\\lib\\index.js"}} {"metadata":{"emulator":{"name":"functions"},"function":{"name":"us-central1-api"},"message":"[runtime-status] [6036] firebase-functions has been stubbed. {\"functionsResolution\":{\"declared\":true,\"installed\":true,\"version\":\"3.19.0\",\"resolution\":\"C:\\\\Users\\\\nazar\\\\Desktop\\\\diplom-react\\\\functions\\\\node_modules\\\\firebase-functions\\\\lib\\\\index.js\"}}"}}
[debug] [2022-03-27T21:21:25.644Z] [runtime-status] [6036] Resolved module firebase-functions {"declared":true,"installed":true,"version":"3.19.0","resolution":"C:\\Users\\nazar\\Desktop\\diplom-react\\functions\\node_modules\\firebase-functions\\lib\\index.js"} {"metadata":{"emulator":{"name":"functions"},"function":{"name":"us-central1-api"},"message":"[runtime-status] [6036] Resolved module firebase-functions {\"declared\":true,\"installed\":true,\"version\":\"3.19.0\",\"resolution\":\"C:\\\\Users\\\\nazar\\\\Desktop\\\\diplom-react\\\\functions\\\\node_modules\\\\firebase-functions\\\\lib\\\\index.js\"}"}}
[debug] [2022-03-27T21:21:25.645Z] [runtime-status] [6036] Resolved module firebase-admin {"declared":true,"installed":true,"version":"9.12.0","resolution":"C:\\Users\\nazar\\Desktop\\diplom-react\\functions\\node_modules\\firebase-admin\\lib\\index.js"} {"metadata":{"emulator":{"name":"functions"},"function":{"name":"us-central1-api"},"message":"[runtime-status] [6036] Resolved module firebase-admin {\"declared\":true,\"installed\":true,\"version\":\"9.12.0\",\"resolution\":\"C:\\\\Users\\\\nazar\\\\Desktop\\\\diplom-react\\\\functions\\\\node_modules\\\\firebase-admin\\\\lib\\\\index.js\"}"}}
[debug] [2022-03-27T21:21:25.646Z] [runtime-status] [6036] Resolved module firebase-functions {"declared":true,"installed":true,"version":"3.19.0","resolution":"C:\\Users\\nazar\\Desktop\\diplom-react\\functions\\node_modules\\firebase-functions\\lib\\index.js"} {"metadata":{"emulator":{"name":"functions"},"function":{"name":"us-central1-api"},"message":"[runtime-status] [6036] Resolved module firebase-functions {\"declared\":true,\"installed\":true,\"version\":\"3.19.0\",\"resolution\":\"C:\\\\Users\\\\nazar\\\\Desktop\\\\diplom-react\\\\functions\\\\node_modules\\\\firebase-functions\\\\lib\\\\index.js\"}"}}
[debug] [2022-03-27T21:21:25.646Z] [runtime-status] [6036] firebase-admin has been stubbed. {"adminResolution":{"declared":true,"installed":true,"version":"9.12.0","resolution":"C:\\Users\\nazar\\Desktop\\diplom-react\\functions\\node_modules\\firebase-admin\\lib\\index.js"}} {"metadata":{"emulator":{"name":"functions"},"function":{"name":"us-central1-api"},"message":"[runtime-status] [6036] firebase-admin has been stubbed. {\"adminResolution\":{\"declared\":true,\"installed\":true,\"version\":\"9.12.0\",\"resolution\":\"C:\\\\Users\\\\nazar\\\\Desktop\\\\diplom-react\\\\functions\\\\node_modules\\\\firebase-admin\\\\lib\\\\index.js\"}}"}}
[debug] [2022-03-27T21:21:25.809Z] [runtime-status] [6036] Beginning invocation function api! {"metadata":{"emulator":{"name":"functions"},"function":{"name":"us-central1-api"},"message":"[runtime-status] [6036] Beginning invocation function api!"}}
[info] i  functions: Beginning execution of "api" {"metadata":{"emulator":{"name":"functions"},"function":{"name":"us-central1-api"},"message":"Beginning execution of \"api\""}}
[debug] [2022-03-27T21:21:25.810Z] [runtime-status] [6036] Running api in signature http {"metadata":{"emulator":{"name":"functions"},"function":{"name":"us-central1-api"},"message":"[runtime-status] [6036] Running api in signature http"}}
[debug] [2022-03-27T21:21:25.813Z] [runtime-status] [6036] Attempting to listen to socketPath: \\?\pipe\C:\Users\nazar\Desktop\diplom-react\functions\6036 {"metadata":{"emulator":{"name":"functions"},"function":{"name":"us-central1-api"},"message":"[runtime-status] [6036] Attempting to listen to socketPath: \\\\?\\pipe\\C:\\Users\\nazar\\Desktop\\diplom-react\\functions\\6036"}}
[debug] [2022-03-27T21:21:25.816Z] [functions] Runtime ready! Sending request! {"metadata":{"emulator":{"name":"functions"},"message":"[functions] Runtime ready! Sending request!"}}
[debug] [2022-03-27T21:21:25.816Z] [functions] Got req.url=/matoa-diplom/us-central1/api/payments/create, mapping to path=/payments/create {"metadata":{"emulator":{"name":"functions"},"message":"[functions] Got req.url=/matoa-diplom/us-central1/api/payments/create, mapping to path=/payments/create"}}
[debug] [2022-03-27T21:21:25.833Z] [runtime-status] [6036] Ephemeral server handling POST request {"metadata":{"emulator":{"name":"functions"},"function":{"name":"us-central1-api"},"message":"[runtime-status] [6036] Ephemeral server handling POST request"}}
[info] >  { {"user":"{","metadata":{"emulator":{"name":"functions"},"function":{"name":"us-central1-api"},"message":"\u001b[90m> \u001b[39m {"}}
[info] >    amount: 856600, {"user":"  amount: 856600,","metadata":{"emulator":{"name":"functions"},"function":{"name":"us-central1-api"},"message":"\u001b[90m> \u001b[39m   amount: 856600,"}}
[info] >    shipping: { {"user":"  shipping: {","metadata":{"emulator":{"name":"functions"},"function":{"name":"us-central1-api"},"message":"\u001b[90m> \u001b[39m   shipping: {"}}
[info] >      name: 'Test Name', {"user":"    name: 'Test Name',","metadata":{"emulator":{"name":"functions"},"function":{"name":"us-central1-api"},"message":"\u001b[90m> \u001b[39m     name: 'Test Name',"}}
[info] >      address: { {"user":"    address: {","metadata":{"emulator":{"name":"functions"},"function":{"name":"us-central1-api"},"message":"\u001b[90m> \u001b[39m     address: {"}}
[info] >        line1: 'Some text line 1', {"user":"      line1: 'Some text line 1',","metadata":{"emulator":{"name":"functions"},"function":{"name":"us-central1-api"},"message":"\u001b[90m> \u001b[39m       line1: 'Some text line 1',"}}
[info] >        line2: 'Some text line 2', {"user":"      line2: 'Some text line 2',","metadata":{"emulator":{"name":"functions"},"function":{"name":"us-central1-api"},"message":"\u001b[90m> \u001b[39m       line2: 'Some text line 2',"}}
[info] >        city: 'Ternopil', {"user":"      city: 'Ternopil',","metadata":{"emulator":{"name":"functions"},"function":{"name":"us-central1-api"},"message":"\u001b[90m> \u001b[39m       city: 'Ternopil',"}}
[info] >        state: 'Samtse', {"user":"      state: 'Samtse',","metadata":{"emulator":{"name":"functions"},"function":{"name":"us-central1-api"},"message":"\u001b[90m> \u001b[39m       state: 'Samtse',"}}
[info] >        phoneNumber: '+975323233', {"user":"      phoneNumber: '+975323233',","metadata":{"emulator":{"name":"functions"},"function":{"name":"us-central1-api"},"message":"\u001b[90m> \u001b[39m       phoneNumber: '+975323233',"}}
[info] >        postal_code: '46042', {"user":"      postal_code: '46042',","metadata":{"emulator":{"name":"functions"},"function":{"name":"us-central1-api"},"message":"\u001b[90m> \u001b[39m       postal_code: '46042',"}}
[info] >        country: 'Bhutan', {"user":"      country: 'Bhutan',","metadata":{"emulator":{"name":"functions"},"function":{"name":"us-central1-api"},"message":"\u001b[90m> \u001b[39m       country: 'Bhutan',"}}
[info] >        country_code: 'BT' {"user":"      country_code: 'BT'","metadata":{"emulator":{"name":"functions"},"function":{"name":"us-central1-api"},"message":"\u001b[90m> \u001b[39m       country_code: 'BT'"}}
[info] >      } {"user":"    }","metadata":{"emulator":{"name":"functions"},"function":{"name":"us-central1-api"},"message":"\u001b[90m> \u001b[39m     }"}}
[info] >    } {"user":"  }","metadata":{"emulator":{"name":"functions"},"function":{"name":"us-central1-api"},"message":"\u001b[90m> \u001b[39m   }"}}
[info] >  } {"user":"}","metadata":{"emulator":{"name":"functions"},"function":{"name":"us-central1-api"},"message":"\u001b[90m> \u001b[39m }"}}
[debug] [2022-03-27T21:21:25.853Z] [runtime-status] [6036] Ephemeral server survived. {"metadata":{"emulator":{"name":"functions"},"function":{"name":"us-central1-api"},"message":"[runtime-status] [6036] Ephemeral server survived."}}
[info] i  functions: Finished "api" in ~1s {"metadata":{"emulator":{"name":"functions"},"function":{"name":"us-central1-api"},"message":"Finished \"api\" in ~1s"}}
[debug] [2022-03-27T21:21:25.854Z] [worker-us-central1-api-03a2e32b-c565-4b53-9f6c-7df244702a5e]: IDLE {"metadata":{"emulator":{"name":"functions"},"message":"[worker-us-central1-api-03a2e32b-c565-4b53-9f6c-7df244702a5e]: IDLE"}}
[debug] [2022-03-27T21:21:25.854Z] [work-queue] {"queueLength":0,"workRunningCount":0}
[info] >  node:internal/errors:464 {"user":"node:internal/errors:464\r","metadata":{"emulator":{"name":"functions"},"function":{"name":"us-central1-api"},"message":"\u001b[90m> \u001b[39m node:internal/errors:464\r"}}
[info] >      ErrorCaptureStackTrace(err); {"user":"    ErrorCaptureStackTrace(err);\r","metadata":{"emulator":{"name":"functions"},"function":{"name":"us-central1-api"},"message":"\u001b[90m> \u001b[39m     ErrorCaptureStackTrace(err);\r"}}
[info] >      ^ {"user":"    ^\r","metadata":{"emulator":{"name":"functions"},"function":{"name":"us-central1-api"},"message":"\u001b[90m> \u001b[39m     ^\r"}}
[info] >   {"user":"\r","metadata":{"emulator":{"name":"functions"},"function":{"name":"us-central1-api"},"message":"\u001b[90m> \u001b[39m \r"}}
[info] >  Error [ERR_HTTP_HEADERS_SENT]: Cannot set headers after they are sent to the client {"user":"Error [ERR_HTTP_HEADERS_SENT]: Cannot set headers after they are sent to the client\r","metadata":{"emulator":{"name":"functions"},"function":{"name":"us-central1-api"},"message":"\u001b[90m> \u001b[39m Error [ERR_HTTP_HEADERS_SENT]: Cannot set headers after they are sent to the client\r"}}
[info] >      at new NodeError (node:internal/errors:371:5) {"user":"    at new NodeError (node:internal/errors:371:5)\r","metadata":{"emulator":{"name":"functions"},"function":{"name":"us-central1-api"},"message":"\u001b[90m> \u001b[39m     at new NodeError (node:internal/errors:371:5)\r"}}
[info] >      at ServerResponse.setHeader (node:_http_outgoing:576:11) {"user":"    at ServerResponse.setHeader (node:_http_outgoing:576:11)\r","metadata":{"emulator":{"name":"functions"},"function":{"name":"us-central1-api"},"message":"\u001b[90m> \u001b[39m     at ServerResponse.setHeader (node:_http_outgoing:576:11)\r"}}
[info] >      at ServerResponse.header (C:\Users\nazar\Desktop\diplom-react\functions\node_modules\express\lib\response.js:776:10) {"user":"    at ServerResponse.header (C:\\Users\\nazar\\Desktop\\diplom-react\\functions\\node_modules\\express\\lib\\response.js:776:10)\r","metadata":{"emulator":{"name":"functions"},"function":{"name":"us-central1-api"},"message":"\u001b[90m> \u001b[39m     at ServerResponse.header (C:\\Users\\nazar\\Desktop\\diplom-react\\functions\\node_modules\\express\\lib\\response.js:776:10)\r"}}
[info] >      at ServerResponse.send (C:\Users\nazar\Desktop\diplom-react\functions\node_modules\express\lib\response.js:170:12) {"user":"    at ServerResponse.send (C:\\Users\\nazar\\Desktop\\diplom-react\\functions\\node_modules\\express\\lib\\response.js:170:12)\r","metadata":{"emulator":{"name":"functions"},"function":{"name":"us-central1-api"},"message":"\u001b[90m> \u001b[39m     at ServerResponse.send (C:\\Users\\nazar\\Desktop\\diplom-react\\functions\\node_modules\\express\\lib\\response.js:170:12)\r"}}
[info] >      at ServerResponse.json (C:\Users\nazar\Desktop\diplom-react\functions\node_modules\express\lib\response.js:267:15) {"user":"    at ServerResponse.json (C:\\Users\\nazar\\Desktop\\diplom-react\\functions\\node_modules\\express\\lib\\response.js:267:15)\r","metadata":{"emulator":{"name":"functions"},"function":{"name":"us-central1-api"},"message":"\u001b[90m> \u001b[39m     at ServerResponse.json (C:\\Users\\nazar\\Desktop\\diplom-react\\functions\\node_modules\\express\\lib\\response.js:267:15)\r"}}
[info] >      at C:\Users\nazar\Desktop\diplom-react\functions\index.js:32:9 {"user":"    at C:\\Users\\nazar\\Desktop\\diplom-react\\functions\\index.js:32:9\r","metadata":{"emulator":{"name":"functions"},"function":{"name":"us-central1-api"},"message":"\u001b[90m> \u001b[39m     at C:\\Users\\nazar\\Desktop\\diplom-react\\functions\\index.js:32:9\r"}}
[info] >      at processTicksAndRejections (node:internal/process/task_queues:96:5) { {"user":"    at processTicksAndRejections (node:internal/process/task_queues:96:5) {\r","metadata":{"emulator":{"name":"functions"},"function":{"name":"us-central1-api"},"message":"\u001b[90m> \u001b[39m     at processTicksAndRejections (node:internal/process/task_queues:96:5) {\r"}}
[info] >    code: 'ERR_HTTP_HEADERS_SENT' {"user":"  code: 'ERR_HTTP_HEADERS_SENT'\r","metadata":{"emulator":{"name":"functions"},"function":{"name":"us-central1-api"},"message":"\u001b[90m> \u001b[39m   code: 'ERR_HTTP_HEADERS_SENT'\r"}}
[info] >  } {"user":"}\r","metadata":{"emulator":{"name":"functions"},"function":{"name":"us-central1-api"},"message":"\u001b[90m> \u001b[39m }\r"}}
[debug] [2022-03-27T21:21:26.347Z] [worker-us-central1-api-03a2e32b-c565-4b53-9f6c-7df244702a5e]: exited {"metadata":{"emulator":{"name":"functions"},"message":"[worker-us-central1-api-03a2e32b-c565-4b53-9f6c-7df244702a5e]: exited"}}
[debug] [2022-03-27T21:21:26.347Z] [worker-us-central1-api-03a2e32b-c565-4b53-9f6c-7df244702a5e]: FINISHED {"metadata":{"emulator":{"name":"functions"},"message":"[worker-us-central1-api-03a2e32b-c565-4b53-9f6c-7df244702a5e]: FINISHED"}}
[debug] [2022-03-27T21:24:58.185Z] File C:\Users\nazar\Desktop\diplom-react\functions\index.js changed, reloading triggers {"metadata":{"emulator":{"name":"functions"},"message":"File C:\\Users\\nazar\\Desktop\\diplom-react\\functions\\index.js changed, reloading triggers"}}
[debug] [2022-03-27T21:24:59.201Z] [worker-pool] Shutting down IDLE worker (us-central1-api) {"metadata":{"emulator":{"name":"functions"},"message":"[worker-pool] Shutting down IDLE worker (us-central1-api)"}}
[debug] [2022-03-27T21:24:59.202Z] [worker-us-central1-api-535b4143-cc66-4af1-abea-224226b91ea3]: FINISHING {"metadata":{"emulator":{"name":"functions"},"message":"[worker-us-central1-api-535b4143-cc66-4af1-abea-224226b91ea3]: FINISHING"}}
[debug] [2022-03-27T21:24:59.203Z] Validating nodejs source
[debug] [2022-03-27T21:25:01.740Z] > [functions] package.json contents: {
  "name": "functions",
  "description": "Cloud Functions for Firebase",
  "scripts": {
    "lint": "eslint .",
    "serve": "firebase emulators:start --only functions",
    "shell": "firebase functions:shell",
    "start": "npm run shell",
    "deploy": "firebase deploy --only functions",
    "logs": "firebase functions:log"
  },
  "engines": {
    "node": "16"
  },
  "main": "index.js",
  "dependencies": {
    "cors": "^2.8.5",
    "express": "^4.17.3",
    "firebase-admin": "^9.8.0",
    "firebase-functions": "^3.19.0",
    "stripe": "^8.204.0"
  },
  "devDependencies": {
    "eslint": "^7.6.0",
    "eslint-config-google": "^0.14.0",
    "firebase-functions-test": "^0.2.0"
  },
  "private": true
}
[debug] [2022-03-27T21:25:01.740Z] Building nodejs source
[debug] [2022-03-27T21:25:01.740Z] Analyzing nodejs backend spec
[debug] [2022-03-27T21:25:01.744Z] [worker-us-central1-api-535b4143-cc66-4af1-abea-224226b91ea3]: exited {"metadata":{"emulator":{"name":"functions"},"message":"[worker-us-central1-api-535b4143-cc66-4af1-abea-224226b91ea3]: exited"}}
[debug] [2022-03-27T21:25:01.744Z] [worker-us-central1-api-535b4143-cc66-4af1-abea-224226b91ea3]: FINISHED {"metadata":{"emulator":{"name":"functions"},"message":"[worker-us-central1-api-535b4143-cc66-4af1-abea-224226b91ea3]: FINISHED"}}
[debug] [2022-03-27T21:28:59.605Z] [work-queue] {"queueLength":1,"workRunningCount":0}
[debug] [2022-03-27T21:28:59.605Z] [work-queue] {"queueLength":0,"workRunningCount":1}
[debug] [2022-03-27T21:28:59.605Z] Accepted request OPTIONS /matoa-diplom/us-central1/api/payments/create --> us-central1-api
[debug] [2022-03-27T21:28:59.605Z] [worker-pool] Cleaned up workers for us-central1-api: 2 --> 0 {"metadata":{"emulator":{"name":"functions"},"message":"[worker-pool] Cleaned up workers for us-central1-api: 2 --> 0"}}
[debug] [2022-03-27T21:28:59.610Z] [worker-pool] addWorker(us-central1-api) {"metadata":{"emulator":{"name":"functions"},"message":"[worker-pool] addWorker(us-central1-api)"}}
[debug] [2022-03-27T21:28:59.610Z] [worker-pool] Adding worker with key us-central1-api, total=1 {"metadata":{"emulator":{"name":"functions"},"message":"[worker-pool] Adding worker with key us-central1-api, total=1"}}
[debug] [2022-03-27T21:28:59.610Z] [worker-pool] submitWork(triggerId=us-central1-api) {"metadata":{"emulator":{"name":"functions"},"message":"[worker-pool] submitWork(triggerId=us-central1-api)"}}
[debug] [2022-03-27T21:28:59.610Z] [worker-us-central1-api-d23e507f-7eb8-40e9-8c2e-b12cc9a3b378]: Assigning socketPath: \\?\pipe\C:\Users\nazar\Desktop\diplom-react\functions\2172 {"metadata":{"emulator":{"name":"functions"},"message":"[worker-us-central1-api-d23e507f-7eb8-40e9-8c2e-b12cc9a3b378]: Assigning socketPath: \\\\?\\pipe\\C:\\Users\\nazar\\Desktop\\diplom-react\\functions\\2172"}}
[debug] [2022-03-27T21:28:59.610Z] [worker-us-central1-api-d23e507f-7eb8-40e9-8c2e-b12cc9a3b378]: BUSY {"metadata":{"emulator":{"name":"functions"},"message":"[worker-us-central1-api-d23e507f-7eb8-40e9-8c2e-b12cc9a3b378]: BUSY"}}
[debug] [2022-03-27T21:29:00.784Z] [runtime-status] [2172] Functions runtime initialized. {"cwd":"C:\\Users\\nazar\\Desktop\\diplom-react\\functions","node_version":"16.13.1"} {"metadata":{"emulator":{"name":"functions"},"function":{"name":"us-central1-api"},"message":"[runtime-status] [2172] Functions runtime initialized. {\"cwd\":\"C:\\\\Users\\\\nazar\\\\Desktop\\\\diplom-react\\\\functions\",\"node_version\":\"16.13.1\"}"}}
[debug] [2022-03-27T21:29:00.785Z] [runtime-status] [2172] Disabled runtime features: undefined {"metadata":{"emulator":{"name":"functions"},"function":{"name":"us-central1-api"},"message":"[runtime-status] [2172] Disabled runtime features: undefined"}}
[debug] [2022-03-27T21:29:00.788Z] [runtime-status] [2172] Resolved module firebase-admin {"declared":true,"installed":true,"version":"9.12.0","resolution":"C:\\Users\\nazar\\Desktop\\diplom-react\\functions\\node_modules\\firebase-admin\\lib\\index.js"} {"metadata":{"emulator":{"name":"functions"},"function":{"name":"us-central1-api"},"message":"[runtime-status] [2172] Resolved module firebase-admin {\"declared\":true,\"installed\":true,\"version\":\"9.12.0\",\"resolution\":\"C:\\\\Users\\\\nazar\\\\Desktop\\\\diplom-react\\\\functions\\\\node_modules\\\\firebase-admin\\\\lib\\\\index.js\"}"}}
[debug] [2022-03-27T21:29:00.789Z] [runtime-status] [2172] Resolved module firebase-functions {"declared":true,"installed":true,"version":"3.19.0","resolution":"C:\\Users\\nazar\\Desktop\\diplom-react\\functions\\node_modules\\firebase-functions\\lib\\index.js"} {"metadata":{"emulator":{"name":"functions"},"function":{"name":"us-central1-api"},"message":"[runtime-status] [2172] Resolved module firebase-functions {\"declared\":true,\"installed\":true,\"version\":\"3.19.0\",\"resolution\":\"C:\\\\Users\\\\nazar\\\\Desktop\\\\diplom-react\\\\functions\\\\node_modules\\\\firebase-functions\\\\lib\\\\index.js\"}"}}
[debug] [2022-03-27T21:29:00.790Z] [runtime-status] [2172] Outgoing network have been stubbed. [{"name":"http","status":"mocked"},{"name":"http","status":"mocked"},{"name":"https","status":"mocked"},{"name":"https","status":"mocked"},{"name":"net","status":"mocked"}] {"metadata":{"emulator":{"name":"functions"},"function":{"name":"us-central1-api"},"message":"[runtime-status] [2172] Outgoing network have been stubbed. [{\"name\":\"http\",\"status\":\"mocked\"},{\"name\":\"http\",\"status\":\"mocked\"},{\"name\":\"https\",\"status\":\"mocked\"},{\"name\":\"https\",\"status\":\"mocked\"},{\"name\":\"net\",\"status\":\"mocked\"}]"}}
[debug] [2022-03-27T21:29:00.791Z] [runtime-status] [2172] Resolved module firebase-functions {"declared":true,"installed":true,"version":"3.19.0","resolution":"C:\\Users\\nazar\\Desktop\\diplom-react\\functions\\node_modules\\firebase-functions\\lib\\index.js"} {"metadata":{"emulator":{"name":"functions"},"function":{"name":"us-central1-api"},"message":"[runtime-status] [2172] Resolved module firebase-functions {\"declared\":true,\"installed\":true,\"version\":\"3.19.0\",\"resolution\":\"C:\\\\Users\\\\nazar\\\\Desktop\\\\diplom-react\\\\functions\\\\node_modules\\\\firebase-functions\\\\lib\\\\index.js\"}"}}
[debug] [2022-03-27T21:29:00.840Z] [runtime-status] [2172] Checked functions.config() {"config":{}} {"metadata":{"emulator":{"name":"functions"},"function":{"name":"us-central1-api"},"message":"[runtime-status] [2172] Checked functions.config() {\"config\":{}}"}}
[debug] [2022-03-27T21:29:00.840Z] [runtime-status] [2172] firebase-functions has been stubbed. {"functionsResolution":{"declared":true,"installed":true,"version":"3.19.0","resolution":"C:\\Users\\nazar\\Desktop\\diplom-react\\functions\\node_modules\\firebase-functions\\lib\\index.js"}} {"metadata":{"emulator":{"name":"functions"},"function":{"name":"us-central1-api"},"message":"[runtime-status] [2172] firebase-functions has been stubbed. {\"functionsResolution\":{\"declared\":true,\"installed\":true,\"version\":\"3.19.0\",\"resolution\":\"C:\\\\Users\\\\nazar\\\\Desktop\\\\diplom-react\\\\functions\\\\node_modules\\\\firebase-functions\\\\lib\\\\index.js\"}}"}}
[debug] [2022-03-27T21:29:00.841Z] [runtime-status] [2172] Resolved module firebase-functions {"declared":true,"installed":true,"version":"3.19.0","resolution":"C:\\Users\\nazar\\Desktop\\diplom-react\\functions\\node_modules\\firebase-functions\\lib\\index.js"} {"metadata":{"emulator":{"name":"functions"},"function":{"name":"us-central1-api"},"message":"[runtime-status] [2172] Resolved module firebase-functions {\"declared\":true,\"installed\":true,\"version\":\"3.19.0\",\"resolution\":\"C:\\\\Users\\\\nazar\\\\Desktop\\\\diplom-react\\\\functions\\\\node_modules\\\\firebase-functions\\\\lib\\\\index.js\"}"}}
[debug] [2022-03-27T21:29:00.842Z] [runtime-status] [2172] Resolved module firebase-admin {"declared":true,"installed":true,"version":"9.12.0","resolution":"C:\\Users\\nazar\\Desktop\\diplom-react\\functions\\node_modules\\firebase-admin\\lib\\index.js"} {"metadata":{"emulator":{"name":"functions"},"function":{"name":"us-central1-api"},"message":"[runtime-status] [2172] Resolved module firebase-admin {\"declared\":true,\"installed\":true,\"version\":\"9.12.0\",\"resolution\":\"C:\\\\Users\\\\nazar\\\\Desktop\\\\diplom-react\\\\functions\\\\node_modules\\\\firebase-admin\\\\lib\\\\index.js\"}"}}
[debug] [2022-03-27T21:29:00.843Z] [runtime-status] [2172] Resolved module firebase-functions {"declared":true,"installed":true,"version":"3.19.0","resolution":"C:\\Users\\nazar\\Desktop\\diplom-react\\functions\\node_modules\\firebase-functions\\lib\\index.js"} {"metadata":{"emulator":{"name":"functions"},"function":{"name":"us-central1-api"},"message":"[runtime-status] [2172] Resolved module firebase-functions {\"declared\":true,\"installed\":true,\"version\":\"3.19.0\",\"resolution\":\"C:\\\\Users\\\\nazar\\\\Desktop\\\\diplom-react\\\\functions\\\\node_modules\\\\firebase-functions\\\\lib\\\\index.js\"}"}}
[debug] [2022-03-27T21:29:00.843Z] [runtime-status] [2172] firebase-admin has been stubbed. {"adminResolution":{"declared":true,"installed":true,"version":"9.12.0","resolution":"C:\\Users\\nazar\\Desktop\\diplom-react\\functions\\node_modules\\firebase-admin\\lib\\index.js"}} {"metadata":{"emulator":{"name":"functions"},"function":{"name":"us-central1-api"},"message":"[runtime-status] [2172] firebase-admin has been stubbed. {\"adminResolution\":{\"declared\":true,\"installed\":true,\"version\":\"9.12.0\",\"resolution\":\"C:\\\\Users\\\\nazar\\\\Desktop\\\\diplom-react\\\\functions\\\\node_modules\\\\firebase-admin\\\\lib\\\\index.js\"}}"}}
[debug] [2022-03-27T21:29:01.021Z] [runtime-status] [2172] Beginning invocation function api! {"metadata":{"emulator":{"name":"functions"},"function":{"name":"us-central1-api"},"message":"[runtime-status] [2172] Beginning invocation function api!"}}
[info] i  functions: Beginning execution of "api" {"metadata":{"emulator":{"name":"functions"},"function":{"name":"us-central1-api"},"message":"Beginning execution of \"api\""}}
[debug] [2022-03-27T21:29:01.022Z] [runtime-status] [2172] Running api in signature http {"metadata":{"emulator":{"name":"functions"},"function":{"name":"us-central1-api"},"message":"[runtime-status] [2172] Running api in signature http"}}
[debug] [2022-03-27T21:29:01.025Z] [runtime-status] [2172] Attempting to listen to socketPath: \\?\pipe\C:\Users\nazar\Desktop\diplom-react\functions\2172 {"metadata":{"emulator":{"name":"functions"},"function":{"name":"us-central1-api"},"message":"[runtime-status] [2172] Attempting to listen to socketPath: \\\\?\\pipe\\C:\\Users\\nazar\\Desktop\\diplom-react\\functions\\2172"}}
[debug] [2022-03-27T21:29:01.028Z] [functions] Runtime ready! Sending request! {"metadata":{"emulator":{"name":"functions"},"message":"[functions] Runtime ready! Sending request!"}}
[debug] [2022-03-27T21:29:01.029Z] [functions] Got req.url=/matoa-diplom/us-central1/api/payments/create, mapping to path=/payments/create {"metadata":{"emulator":{"name":"functions"},"message":"[functions] Got req.url=/matoa-diplom/us-central1/api/payments/create, mapping to path=/payments/create"}}
[debug] [2022-03-27T21:29:01.034Z] [runtime-status] [2172] Ephemeral server handling OPTIONS request {"metadata":{"emulator":{"name":"functions"},"function":{"name":"us-central1-api"},"message":"[runtime-status] [2172] Ephemeral server handling OPTIONS request"}}
[debug] [2022-03-27T21:29:01.038Z] [runtime-status] [2172] Ephemeral server survived. {"metadata":{"emulator":{"name":"functions"},"function":{"name":"us-central1-api"},"message":"[runtime-status] [2172] Ephemeral server survived."}}
[debug] [2022-03-27T21:29:01.041Z] [work-queue] {"queueLength":1,"workRunningCount":1}
[debug] [2022-03-27T21:29:01.041Z] [work-queue] {"queueLength":0,"workRunningCount":2}
[debug] [2022-03-27T21:29:01.041Z] Accepted request POST /matoa-diplom/us-central1/api/payments/create --> us-central1-api
[debug] [2022-03-27T21:29:01.047Z] [worker-pool] addWorker(us-central1-api) {"metadata":{"emulator":{"name":"functions"},"message":"[worker-pool] addWorker(us-central1-api)"}}
[debug] [2022-03-27T21:29:01.048Z] [worker-pool] Adding worker with key us-central1-api, total=2 {"metadata":{"emulator":{"name":"functions"},"message":"[worker-pool] Adding worker with key us-central1-api, total=2"}}
[debug] [2022-03-27T21:29:01.048Z] [worker-pool] submitWork(triggerId=us-central1-api) {"metadata":{"emulator":{"name":"functions"},"message":"[worker-pool] submitWork(triggerId=us-central1-api)"}}
[debug] [2022-03-27T21:29:01.048Z] [worker-us-central1-api-4d7eb8ec-cf18-4b8c-a353-3f8900050e69]: Assigning socketPath: \\?\pipe\C:\Users\nazar\Desktop\diplom-react\functions\12976 {"metadata":{"emulator":{"name":"functions"},"message":"[worker-us-central1-api-4d7eb8ec-cf18-4b8c-a353-3f8900050e69]: Assigning socketPath: \\\\?\\pipe\\C:\\Users\\nazar\\Desktop\\diplom-react\\functions\\12976"}}
[debug] [2022-03-27T21:29:01.048Z] [worker-us-central1-api-4d7eb8ec-cf18-4b8c-a353-3f8900050e69]: BUSY {"metadata":{"emulator":{"name":"functions"},"message":"[worker-us-central1-api-4d7eb8ec-cf18-4b8c-a353-3f8900050e69]: BUSY"}}
[info] i  functions: Finished "api" in ~1s {"metadata":{"emulator":{"name":"functions"},"function":{"name":"us-central1-api"},"message":"Finished \"api\" in ~1s"}}
[debug] [2022-03-27T21:29:01.049Z] [worker-us-central1-api-d23e507f-7eb8-40e9-8c2e-b12cc9a3b378]: IDLE {"metadata":{"emulator":{"name":"functions"},"message":"[worker-us-central1-api-d23e507f-7eb8-40e9-8c2e-b12cc9a3b378]: IDLE"}}
[debug] [2022-03-27T21:29:01.050Z] [work-queue] {"queueLength":0,"workRunningCount":1}
[debug] [2022-03-27T21:29:02.198Z] [runtime-status] [12976] Functions runtime initialized. {"cwd":"C:\\Users\\nazar\\Desktop\\diplom-react\\functions","node_version":"16.13.1"} {"metadata":{"emulator":{"name":"functions"},"function":{"name":"us-central1-api"},"message":"[runtime-status] [12976] Functions runtime initialized. {\"cwd\":\"C:\\\\Users\\\\nazar\\\\Desktop\\\\diplom-react\\\\functions\",\"node_version\":\"16.13.1\"}"}}
[debug] [2022-03-27T21:29:02.200Z] [runtime-status] [12976] Disabled runtime features: undefined {"metadata":{"emulator":{"name":"functions"},"function":{"name":"us-central1-api"},"message":"[runtime-status] [12976] Disabled runtime features: undefined"}}
[debug] [2022-03-27T21:29:02.202Z] [runtime-status] [12976] Resolved module firebase-admin {"declared":true,"installed":true,"version":"9.12.0","resolution":"C:\\Users\\nazar\\Desktop\\diplom-react\\functions\\node_modules\\firebase-admin\\lib\\index.js"} {"metadata":{"emulator":{"name":"functions"},"function":{"name":"us-central1-api"},"message":"[runtime-status] [12976] Resolved module firebase-admin {\"declared\":true,\"installed\":true,\"version\":\"9.12.0\",\"resolution\":\"C:\\\\Users\\\\nazar\\\\Desktop\\\\diplom-react\\\\functions\\\\node_modules\\\\firebase-admin\\\\lib\\\\index.js\"}"}}
[debug] [2022-03-27T21:29:02.204Z] [runtime-status] [12976] Resolved module firebase-functions {"declared":true,"installed":true,"version":"3.19.0","resolution":"C:\\Users\\nazar\\Desktop\\diplom-react\\functions\\node_modules\\firebase-functions\\lib\\index.js"} {"metadata":{"emulator":{"name":"functions"},"function":{"name":"us-central1-api"},"message":"[runtime-status] [12976] Resolved module firebase-functions {\"declared\":true,\"installed\":true,\"version\":\"3.19.0\",\"resolution\":\"C:\\\\Users\\\\nazar\\\\Desktop\\\\diplom-react\\\\functions\\\\node_modules\\\\firebase-functions\\\\lib\\\\index.js\"}"}}
[debug] [2022-03-27T21:29:02.204Z] [runtime-status] [12976] Outgoing network have been stubbed. [{"name":"http","status":"mocked"},{"name":"http","status":"mocked"},{"name":"https","status":"mocked"},{"name":"https","status":"mocked"},{"name":"net","status":"mocked"}] {"metadata":{"emulator":{"name":"functions"},"function":{"name":"us-central1-api"},"message":"[runtime-status] [12976] Outgoing network have been stubbed. [{\"name\":\"http\",\"status\":\"mocked\"},{\"name\":\"http\",\"status\":\"mocked\"},{\"name\":\"https\",\"status\":\"mocked\"},{\"name\":\"https\",\"status\":\"mocked\"},{\"name\":\"net\",\"status\":\"mocked\"}]"}}
[debug] [2022-03-27T21:29:02.205Z] [runtime-status] [12976] Resolved module firebase-functions {"declared":true,"installed":true,"version":"3.19.0","resolution":"C:\\Users\\nazar\\Desktop\\diplom-react\\functions\\node_modules\\firebase-functions\\lib\\index.js"} {"metadata":{"emulator":{"name":"functions"},"function":{"name":"us-central1-api"},"message":"[runtime-status] [12976] Resolved module firebase-functions {\"declared\":true,\"installed\":true,\"version\":\"3.19.0\",\"resolution\":\"C:\\\\Users\\\\nazar\\\\Desktop\\\\diplom-react\\\\functions\\\\node_modules\\\\firebase-functions\\\\lib\\\\index.js\"}"}}
[debug] [2022-03-27T21:29:02.250Z] [runtime-status] [12976] Checked functions.config() {"config":{}} {"metadata":{"emulator":{"name":"functions"},"function":{"name":"us-central1-api"},"message":"[runtime-status] [12976] Checked functions.config() {\"config\":{}}"}}
[debug] [2022-03-27T21:29:02.250Z] [runtime-status] [12976] firebase-functions has been stubbed. {"functionsResolution":{"declared":true,"installed":true,"version":"3.19.0","resolution":"C:\\Users\\nazar\\Desktop\\diplom-react\\functions\\node_modules\\firebase-functions\\lib\\index.js"}} {"metadata":{"emulator":{"name":"functions"},"function":{"name":"us-central1-api"},"message":"[runtime-status] [12976] firebase-functions has been stubbed. {\"functionsResolution\":{\"declared\":true,\"installed\":true,\"version\":\"3.19.0\",\"resolution\":\"C:\\\\Users\\\\nazar\\\\Desktop\\\\diplom-react\\\\functions\\\\node_modules\\\\firebase-functions\\\\lib\\\\index.js\"}}"}}
[debug] [2022-03-27T21:29:02.251Z] [runtime-status] [12976] Resolved module firebase-functions {"declared":true,"installed":true,"version":"3.19.0","resolution":"C:\\Users\\nazar\\Desktop\\diplom-react\\functions\\node_modules\\firebase-functions\\lib\\index.js"} {"metadata":{"emulator":{"name":"functions"},"function":{"name":"us-central1-api"},"message":"[runtime-status] [12976] Resolved module firebase-functions {\"declared\":true,\"installed\":true,\"version\":\"3.19.0\",\"resolution\":\"C:\\\\Users\\\\nazar\\\\Desktop\\\\diplom-react\\\\functions\\\\node_modules\\\\firebase-functions\\\\lib\\\\index.js\"}"}}
[debug] [2022-03-27T21:29:02.252Z] [runtime-status] [12976] Resolved module firebase-admin {"declared":true,"installed":true,"version":"9.12.0","resolution":"C:\\Users\\nazar\\Desktop\\diplom-react\\functions\\node_modules\\firebase-admin\\lib\\index.js"} {"metadata":{"emulator":{"name":"functions"},"function":{"name":"us-central1-api"},"message":"[runtime-status] [12976] Resolved module firebase-admin {\"declared\":true,\"installed\":true,\"version\":\"9.12.0\",\"resolution\":\"C:\\\\Users\\\\nazar\\\\Desktop\\\\diplom-react\\\\functions\\\\node_modules\\\\firebase-admin\\\\lib\\\\index.js\"}"}}
[debug] [2022-03-27T21:29:02.253Z] [runtime-status] [12976] Resolved module firebase-functions {"declared":true,"installed":true,"version":"3.19.0","resolution":"C:\\Users\\nazar\\Desktop\\diplom-react\\functions\\node_modules\\firebase-functions\\lib\\index.js"} {"metadata":{"emulator":{"name":"functions"},"function":{"name":"us-central1-api"},"message":"[runtime-status] [12976] Resolved module firebase-functions {\"declared\":true,\"installed\":true,\"version\":\"3.19.0\",\"resolution\":\"C:\\\\Users\\\\nazar\\\\Desktop\\\\diplom-react\\\\functions\\\\node_modules\\\\firebase-functions\\\\lib\\\\index.js\"}"}}
[debug] [2022-03-27T21:29:02.253Z] [runtime-status] [12976] firebase-admin has been stubbed. {"adminResolution":{"declared":true,"installed":true,"version":"9.12.0","resolution":"C:\\Users\\nazar\\Desktop\\diplom-react\\functions\\node_modules\\firebase-admin\\lib\\index.js"}} {"metadata":{"emulator":{"name":"functions"},"function":{"name":"us-central1-api"},"message":"[runtime-status] [12976] firebase-admin has been stubbed. {\"adminResolution\":{\"declared\":true,\"installed\":true,\"version\":\"9.12.0\",\"resolution\":\"C:\\\\Users\\\\nazar\\\\Desktop\\\\diplom-react\\\\functions\\\\node_modules\\\\firebase-admin\\\\lib\\\\index.js\"}}"}}
[debug] [2022-03-27T21:29:02.411Z] [runtime-status] [12976] Beginning invocation function api! {"metadata":{"emulator":{"name":"functions"},"function":{"name":"us-central1-api"},"message":"[runtime-status] [12976] Beginning invocation function api!"}}
[info] i  functions: Beginning execution of "api" {"metadata":{"emulator":{"name":"functions"},"function":{"name":"us-central1-api"},"message":"Beginning execution of \"api\""}}
[debug] [2022-03-27T21:29:02.412Z] [runtime-status] [12976] Running api in signature http {"metadata":{"emulator":{"name":"functions"},"function":{"name":"us-central1-api"},"message":"[runtime-status] [12976] Running api in signature http"}}
[debug] [2022-03-27T21:29:02.415Z] [runtime-status] [12976] Attempting to listen to socketPath: \\?\pipe\C:\Users\nazar\Desktop\diplom-react\functions\12976 {"metadata":{"emulator":{"name":"functions"},"function":{"name":"us-central1-api"},"message":"[runtime-status] [12976] Attempting to listen to socketPath: \\\\?\\pipe\\C:\\Users\\nazar\\Desktop\\diplom-react\\functions\\12976"}}
[debug] [2022-03-27T21:29:02.418Z] [functions] Runtime ready! Sending request! {"metadata":{"emulator":{"name":"functions"},"message":"[functions] Runtime ready! Sending request!"}}
[debug] [2022-03-27T21:29:02.418Z] [functions] Got req.url=/matoa-diplom/us-central1/api/payments/create, mapping to path=/payments/create {"metadata":{"emulator":{"name":"functions"},"message":"[functions] Got req.url=/matoa-diplom/us-central1/api/payments/create, mapping to path=/payments/create"}}
[debug] [2022-03-27T21:29:02.434Z] [runtime-status] [12976] Ephemeral server handling POST request {"metadata":{"emulator":{"name":"functions"},"function":{"name":"us-central1-api"},"message":"[runtime-status] [12976] Ephemeral server handling POST request"}}
[info] >  { {"user":"{","metadata":{"emulator":{"name":"functions"},"function":{"name":"us-central1-api"},"message":"\u001b[90m> \u001b[39m {"}}
[info] >    amount: 8566, {"user":"  amount: 8566,","metadata":{"emulator":{"name":"functions"},"function":{"name":"us-central1-api"},"message":"\u001b[90m> \u001b[39m   amount: 8566,"}}
[info] >    shipping: { {"user":"  shipping: {","metadata":{"emulator":{"name":"functions"},"function":{"name":"us-central1-api"},"message":"\u001b[90m> \u001b[39m   shipping: {"}}
[info] >      name: 'Test Name', {"user":"    name: 'Test Name',","metadata":{"emulator":{"name":"functions"},"function":{"name":"us-central1-api"},"message":"\u001b[90m> \u001b[39m     name: 'Test Name',"}}
[info] >      address: { {"user":"    address: {","metadata":{"emulator":{"name":"functions"},"function":{"name":"us-central1-api"},"message":"\u001b[90m> \u001b[39m     address: {"}}
[info] >        line1: 'Some text line 1', {"user":"      line1: 'Some text line 1',","metadata":{"emulator":{"name":"functions"},"function":{"name":"us-central1-api"},"message":"\u001b[90m> \u001b[39m       line1: 'Some text line 1',"}}
[info] >        line2: 'Some text line 2', {"user":"      line2: 'Some text line 2',","metadata":{"emulator":{"name":"functions"},"function":{"name":"us-central1-api"},"message":"\u001b[90m> \u001b[39m       line2: 'Some text line 2',"}}
[info] >        city: 'Ternopil', {"user":"      city: 'Ternopil',","metadata":{"emulator":{"name":"functions"},"function":{"name":"us-central1-api"},"message":"\u001b[90m> \u001b[39m       city: 'Ternopil',"}}
[info] >        state: 'Samtse', {"user":"      state: 'Samtse',","metadata":{"emulator":{"name":"functions"},"function":{"name":"us-central1-api"},"message":"\u001b[90m> \u001b[39m       state: 'Samtse',"}}
[info] >        phoneNumber: '+975323233', {"user":"      phoneNumber: '+975323233',","metadata":{"emulator":{"name":"functions"},"function":{"name":"us-central1-api"},"message":"\u001b[90m> \u001b[39m       phoneNumber: '+975323233',"}}
[info] >        postal_code: '46042', {"user":"      postal_code: '46042',","metadata":{"emulator":{"name":"functions"},"function":{"name":"us-central1-api"},"message":"\u001b[90m> \u001b[39m       postal_code: '46042',"}}
[info] >        country: 'Bhutan', {"user":"      country: 'Bhutan',","metadata":{"emulator":{"name":"functions"},"function":{"name":"us-central1-api"},"message":"\u001b[90m> \u001b[39m       country: 'Bhutan',"}}
[info] >        country_code: 'BT' {"user":"      country_code: 'BT'","metadata":{"emulator":{"name":"functions"},"function":{"name":"us-central1-api"},"message":"\u001b[90m> \u001b[39m       country_code: 'BT'"}}
[info] >      } {"user":"    }","metadata":{"emulator":{"name":"functions"},"function":{"name":"us-central1-api"},"message":"\u001b[90m> \u001b[39m     }"}}
[info] >    } {"user":"  }","metadata":{"emulator":{"name":"functions"},"function":{"name":"us-central1-api"},"message":"\u001b[90m> \u001b[39m   }"}}
[info] >  } {"user":"}","metadata":{"emulator":{"name":"functions"},"function":{"name":"us-central1-api"},"message":"\u001b[90m> \u001b[39m }"}}
[debug] [2022-03-27T21:29:02.449Z] [runtime-status] [12976] Ephemeral server survived. {"metadata":{"emulator":{"name":"functions"},"function":{"name":"us-central1-api"},"message":"[runtime-status] [12976] Ephemeral server survived."}}
[info] >  node:internal/errors:464 {"user":"node:internal/errors:464\r","metadata":{"emulator":{"name":"functions"},"function":{"name":"us-central1-api"},"message":"\u001b[90m> \u001b[39m node:internal/errors:464\r"}}
[info] >      ErrorCaptureStackTrace(err); {"user":"    ErrorCaptureStackTrace(err);\r","metadata":{"emulator":{"name":"functions"},"function":{"name":"us-central1-api"},"message":"\u001b[90m> \u001b[39m     ErrorCaptureStackTrace(err);\r"}}
[info] >      ^ {"user":"    ^\r","metadata":{"emulator":{"name":"functions"},"function":{"name":"us-central1-api"},"message":"\u001b[90m> \u001b[39m     ^\r"}}
[info] >   {"user":"\r","metadata":{"emulator":{"name":"functions"},"function":{"name":"us-central1-api"},"message":"\u001b[90m> \u001b[39m \r"}}
[info] >  Error [ERR_HTTP_HEADERS_SENT]: Cannot set headers after they are sent to the client {"user":"Error [ERR_HTTP_HEADERS_SENT]: Cannot set headers after they are sent to the client\r","metadata":{"emulator":{"name":"functions"},"function":{"name":"us-central1-api"},"message":"\u001b[90m> \u001b[39m Error [ERR_HTTP_HEADERS_SENT]: Cannot set headers after they are sent to the client\r"}}
[info] >      at new NodeError (node:internal/errors:371:5) {"user":"    at new NodeError (node:internal/errors:371:5)\r","metadata":{"emulator":{"name":"functions"},"function":{"name":"us-central1-api"},"message":"\u001b[90m> \u001b[39m     at new NodeError (node:internal/errors:371:5)\r"}}
[info] >      at ServerResponse.setHeader (node:_http_outgoing:576:11) {"user":"    at ServerResponse.setHeader (node:_http_outgoing:576:11)\r","metadata":{"emulator":{"name":"functions"},"function":{"name":"us-central1-api"},"message":"\u001b[90m> \u001b[39m     at ServerResponse.setHeader (node:_http_outgoing:576:11)\r"}}
[info] >      at ServerResponse.header (C:\Users\nazar\Desktop\diplom-react\functions\node_modules\express\lib\response.js:776:10) {"user":"    at ServerResponse.header (C:\\Users\\nazar\\Desktop\\diplom-react\\functions\\node_modules\\express\\lib\\response.js:776:10)\r","metadata":{"emulator":{"name":"functions"},"function":{"name":"us-central1-api"},"message":"\u001b[90m> \u001b[39m     at ServerResponse.header (C:\\Users\\nazar\\Desktop\\diplom-react\\functions\\node_modules\\express\\lib\\response.js:776:10)\r"}}
[info] >      at ServerResponse.send (C:\Users\nazar\Desktop\diplom-react\functions\node_modules\express\lib\response.js:170:12) {"user":"    at ServerResponse.send (C:\\Users\\nazar\\Desktop\\diplom-react\\functions\\node_modules\\express\\lib\\response.js:170:12)\r","metadata":{"emulator":{"name":"functions"},"function":{"name":"us-central1-api"},"message":"\u001b[90m> \u001b[39m     at ServerResponse.send (C:\\Users\\nazar\\Desktop\\diplom-react\\functions\\node_modules\\express\\lib\\response.js:170:12)\r"}}
[info] >      at C:\Users\nazar\Desktop\diplom-react\functions\index.js:29:7 {"user":"    at C:\\Users\\nazar\\Desktop\\diplom-react\\functions\\index.js:29:7\r","metadata":{"emulator":{"name":"functions"},"function":{"name":"us-central1-api"},"message":"\u001b[90m> \u001b[39m     at C:\\Users\\nazar\\Desktop\\diplom-react\\functions\\index.js:29:7\r"}}
[info] >      at processTicksAndRejections (node:internal/process/task_queues:96:5) { {"user":"    at processTicksAndRejections (node:internal/process/task_queues:96:5) {\r","metadata":{"emulator":{"name":"functions"},"function":{"name":"us-central1-api"},"message":"\u001b[90m> \u001b[39m     at processTicksAndRejections (node:internal/process/task_queues:96:5) {\r"}}
[info] >    code: 'ERR_HTTP_HEADERS_SENT' {"user":"  code: 'ERR_HTTP_HEADERS_SENT'\r","metadata":{"emulator":{"name":"functions"},"function":{"name":"us-central1-api"},"message":"\u001b[90m> \u001b[39m   code: 'ERR_HTTP_HEADERS_SENT'\r"}}
[info] >  } {"user":"}\r","metadata":{"emulator":{"name":"functions"},"function":{"name":"us-central1-api"},"message":"\u001b[90m> \u001b[39m }\r"}}
[debug] [2022-03-27T21:29:02.994Z] [worker-us-central1-api-4d7eb8ec-cf18-4b8c-a353-3f8900050e69]: exited {"metadata":{"emulator":{"name":"functions"},"message":"[worker-us-central1-api-4d7eb8ec-cf18-4b8c-a353-3f8900050e69]: exited"}}
[debug] [2022-03-27T21:29:02.994Z] [worker-us-central1-api-4d7eb8ec-cf18-4b8c-a353-3f8900050e69]: FINISHED {"metadata":{"emulator":{"name":"functions"},"message":"[worker-us-central1-api-4d7eb8ec-cf18-4b8c-a353-3f8900050e69]: FINISHED"}}
[debug] [2022-03-27T21:29:02.994Z] [work-queue] {"queueLength":0,"workRunningCount":0}
[debug] [2022-03-27T21:29:56.171Z] File C:\Users\nazar\Desktop\diplom-react\functions\index.js changed, reloading triggers {"metadata":{"emulator":{"name":"functions"},"message":"File C:\\Users\\nazar\\Desktop\\diplom-react\\functions\\index.js changed, reloading triggers"}}
